<?xml version="1.0" encoding="UTF-8"?>
<!-- Generated by org.testng.reporters.JUnitReportReporter -->
<testsuite skipped="0" hostname="IN5CD6391W77" name="samplePackage.Facebook" tests="1" failures="0" timestamp="04 Jul 2019 08:42:32 GMT" time="34.373" errors="0">
  <testcase name="Facebook_Login_Screen" time="34.373" classname="samplePackage.Facebook"/>
</testsuite> <!-- samplePackage.Facebook -->
